<?xml version="1.0" encoding="UTF-8"?>
<!-- Generated by org.testng.reporters.JUnitReportReporter -->
<testsuite hostname="ELANGO" failures="0" tests="4" name="org.porunai.TestNG" time="0.036" errors="0" timestamp="2026-01-22T14:51:17 IST" skipped="1">
  <testcase classname="org.porunai.TestNG" name="Propose2" time="0.018"/>
  <testcase classname="org.porunai.TestNG" name="Propose2" time="0.014"/>
  <testcase classname="org.porunai.TestNG" name="Propose3" time="0.004"/>
  <testcase classname="org.porunai.TestNG" name="Propose1">
    <skipped/>
  </testcase> <!-- Propose1 -->
</testsuite> <!-- org.porunai.TestNG -->
