<?xml version="1.0" encoding="UTF-8"?>
<testng-results ignored="0" total="2" passed="2" failed="0" skipped="0">
  <reporter-output>
  </reporter-output>
  <suite started-at="2026-02-04T11:15:03 IST" name="Default suite" finished-at="2026-02-04T11:16:00 IST" duration-ms="56111">
    <groups>
    </groups>
    <test started-at="2026-02-04T11:15:03 IST" name="Default test" finished-at="2026-02-04T11:16:00 IST" duration-ms="56111">
      <class name="org.maintest.Maintest">
        <test-method is-config="true" signature="beforeclass()[pri:0, instance:org.maintest.Maintest@28701274]" started-at="2026-02-04T11:15:04 IST" name="beforeclass" finished-at="2026-02-04T11:15:04 IST" duration-ms="24" status="PASS">
          <reporter-output>
          </reporter-output>
        </test-method> <!-- beforeclass -->
        <test-method signature="Loginbtn()[pri:1, instance:org.maintest.Maintest@28701274]" started-at="2026-02-04T11:15:04 IST" name="Loginbtn" finished-at="2026-02-04T11:15:19 IST" duration-ms="15676" status="PASS">
          <reporter-output>
          </reporter-output>
        </test-method> <!-- Loginbtn -->
        <test-method is-config="true" signature="teardown()[pri:0, instance:org.maintest.Maintest@28701274]" started-at="2026-02-04T11:15:19 IST" name="teardown" finished-at="2026-02-04T11:15:19 IST" duration-ms="3" status="PASS">
          <reporter-output>
          </reporter-output>
        </test-method> <!-- teardown -->
        <test-method signature="browse()[pri:2, instance:org.maintest.Maintest@28701274]" started-at="2026-02-04T11:15:19 IST" name="browse" finished-at="2026-02-04T11:15:59 IST" duration-ms="39995" status="PASS">
          <reporter-output>
          </reporter-output>
        </test-method> <!-- browse -->
        <test-method is-config="true" signature="teardown()[pri:0, instance:org.maintest.Maintest@28701274]" started-at="2026-02-04T11:16:00 IST" name="teardown" finished-at="2026-02-04T11:16:00 IST" duration-ms="22" status="PASS">
          <reporter-output>
          </reporter-output>
        </test-method> <!-- teardown -->
      </class> <!-- org.maintest.Maintest -->
    </test> <!-- Default test -->
  </suite> <!-- Default suite -->
</testng-results>
