<?xml version="1.0" encoding="UTF-8"?>
<!-- Generated by org.testng.reporters.JUnitXMLReporter -->
<testsuite ignored="0" hostname="LAPTOP-G7HLVSVQ" failures="1" tests="1" name="Test1" time="17.691" errors="0" timestamp="2026-02-01T20:19:45 IST">
  <testcase classname="org.gemini.Crazygames" name="searchGame" time="0.026">
    <failure type="java.lang.NullPointerException" message="Cannot invoke &amp;quot;org.openqa.selenium.WebDriver.manage()&amp;quot; because &amp;quot;KP&amp;quot; is null">
      <![CDATA[java.lang.NullPointerException: Cannot invoke "org.openqa.selenium.WebDriver.manage()" because "KP" is null
at org.gemini.Directsignin.directSignIn(Directsignin.java:32)
at org.gemini.Crazygames.searchGame(Crazygames.java:59)
at java.base/java.util.ArrayList.forEach(ArrayList.java:1596)
... Removed 25 stack frames]]>
    </failure>
  </testcase> <!-- searchGame -->
</testsuite> <!-- Test1 -->
